{"D:\\portf\\frontend\\src\\features\\auth\\api\\authApi.ts": {"path":"D:\\portf\\frontend\\src\\features\\auth\\api\\authApi.ts","statementMap":{"0":{"start":{"line":4,"column":23},"end":{"line":26,"column":null}},"1":{"start":{"line":6,"column":21},"end":{"line":6,"column":null}},"2":{"start":{"line":7,"column":4},"end":{"line":7,"column":null}},"3":{"start":{"line":11,"column":21},"end":{"line":11,"column":null}},"4":{"start":{"line":12,"column":4},"end":{"line":12,"column":null}},"5":{"start":{"line":16,"column":21},"end":{"line":18,"column":null}},"6":{"start":{"line":19,"column":4},"end":{"line":19,"column":null}},"7":{"start":{"line":24,"column":4},"end":{"line":24,"column":null}}},"fnMap":{"0":{"name":"(anonymous_0)","decl":{"start":{"line":5,"column":12},"end":{"line":5,"column":19}},"loc":{"start":{"line":5,"column":68},"end":{"line":8,"column":null}},"line":5},"1":{"name":"(anonymous_1)","decl":{"start":{"line":10,"column":9},"end":{"line":10,"column":16}},"loc":{"start":{"line":10,"column":62},"end":{"line":13,"column":null}},"line":10},"2":{"name":"(anonymous_2)","decl":{"start":{"line":15,"column":11},"end":{"line":15,"column":18}},"loc":{"start":{"line":15,"column":66},"end":{"line":20,"column":null}},"line":15},"3":{"name":"(anonymous_3)","decl":{"start":{"line":22,"column":10},"end":{"line":22,"column":37}},"loc":{"start":{"line":22,"column":37},"end":{"line":25,"column":null}},"line":22}},"branchMap":{},"s":{"0":2,"1":0,"2":0,"3":0,"4":0,"5":0,"6":0,"7":0},"f":{"0":0,"1":0,"2":0,"3":0},"b":{},"meta":{"lastBranch":0,"lastFunction":4,"lastStatement":8,"seen":{"s:4:23:26:Infinity":0,"f:5:12:5:19":0,"s:6:21:6:Infinity":1,"s:7:4:7:Infinity":2,"f:10:9:10:16":1,"s:11:21:11:Infinity":3,"s:12:4:12:Infinity":4,"f:15:11:15:18":2,"s:16:21:18:Infinity":5,"s:19:4:19:Infinity":6,"f:22:10:22:37":3,"s:24:4:24:Infinity":7},"fnNames":{}}}
,"D:\\portf\\frontend\\src\\features\\auth\\hooks\\useAuth.ts": {"path":"D:\\portf\\frontend\\src\\features\\auth\\hooks\\useAuth.ts","statementMap":{"0":{"start":{"line":8,"column":24},"end":{"line":25,"column":null}},"1":{"start":{"line":9,"column":8},"end":{"line":9,"column":null}},"2":{"start":{"line":9,"column":42},"end":{"line":9,"column":55}},"3":{"start":{"line":11,"column":2},"end":{"line":24,"column":null}},"4":{"start":{"line":12,"column":40},"end":{"line":12,"column":null}},"5":{"start":{"line":14,"column":6},"end":{"line":18,"column":null}},"6":{"start":{"line":19,"column":6},"end":{"line":19,"column":null}},"7":{"start":{"line":22,"column":6},"end":{"line":22,"column":null}},"8":{"start":{"line":27,"column":27},"end":{"line":44,"column":null}},"9":{"start":{"line":28,"column":8},"end":{"line":28,"column":null}},"10":{"start":{"line":28,"column":42},"end":{"line":28,"column":55}},"11":{"start":{"line":30,"column":2},"end":{"line":43,"column":null}},"12":{"start":{"line":31,"column":43},"end":{"line":31,"column":null}},"13":{"start":{"line":33,"column":6},"end":{"line":37,"column":null}},"14":{"start":{"line":38,"column":6},"end":{"line":38,"column":null}},"15":{"start":{"line":41,"column":6},"end":{"line":41,"column":null}},"16":{"start":{"line":46,"column":25},"end":{"line":59,"column":null}},"17":{"start":{"line":47,"column":8},"end":{"line":47,"column":null}},"18":{"start":{"line":47,"column":44},"end":{"line":47,"column":59}},"19":{"start":{"line":49,"column":2},"end":{"line":58,"column":null}},"20":{"start":{"line":50,"column":22},"end":{"line":50,"column":null}},"21":{"start":{"line":52,"column":6},"end":{"line":52,"column":null}},"22":{"start":{"line":53,"column":6},"end":{"line":53,"column":null}},"23":{"start":{"line":56,"column":6},"end":{"line":56,"column":null}}},"fnMap":{"0":{"name":"(anonymous_0)","decl":{"start":{"line":8,"column":24},"end":{"line":8,"column":30}},"loc":{"start":{"line":8,"column":30},"end":{"line":25,"column":null}},"line":8},"1":{"name":"(anonymous_1)","decl":{"start":{"line":9,"column":31},"end":{"line":9,"column":32}},"loc":{"start":{"line":9,"column":42},"end":{"line":9,"column":55}},"line":9},"2":{"name":"(anonymous_2)","decl":{"start":{"line":12,"column":16},"end":{"line":12,"column":17}},"loc":{"start":{"line":12,"column":40},"end":{"line":12,"column":null}},"line":12},"3":{"name":"(anonymous_3)","decl":{"start":{"line":13,"column":15},"end":{"line":13,"column":16}},"loc":{"start":{"line":13,"column":29},"end":{"line":20,"column":null}},"line":13},"4":{"name":"(anonymous_4)","decl":{"start":{"line":21,"column":13},"end":{"line":21,"column":19}},"loc":{"start":{"line":21,"column":19},"end":{"line":23,"column":null}},"line":21},"5":{"name":"(anonymous_5)","decl":{"start":{"line":27,"column":27},"end":{"line":27,"column":33}},"loc":{"start":{"line":27,"column":33},"end":{"line":44,"column":null}},"line":27},"6":{"name":"(anonymous_6)","decl":{"start":{"line":28,"column":31},"end":{"line":28,"column":32}},"loc":{"start":{"line":28,"column":42},"end":{"line":28,"column":55}},"line":28},"7":{"name":"(anonymous_7)","decl":{"start":{"line":31,"column":16},"end":{"line":31,"column":17}},"loc":{"start":{"line":31,"column":43},"end":{"line":31,"column":null}},"line":31},"8":{"name":"(anonymous_8)","decl":{"start":{"line":32,"column":15},"end":{"line":32,"column":16}},"loc":{"start":{"line":32,"column":29},"end":{"line":39,"column":null}},"line":32},"9":{"name":"(anonymous_9)","decl":{"start":{"line":40,"column":13},"end":{"line":40,"column":19}},"loc":{"start":{"line":40,"column":19},"end":{"line":42,"column":null}},"line":40},"10":{"name":"(anonymous_10)","decl":{"start":{"line":46,"column":25},"end":{"line":46,"column":31}},"loc":{"start":{"line":46,"column":31},"end":{"line":59,"column":null}},"line":46},"11":{"name":"(anonymous_11)","decl":{"start":{"line":47,"column":33},"end":{"line":47,"column":34}},"loc":{"start":{"line":47,"column":44},"end":{"line":47,"column":59}},"line":47},"12":{"name":"(anonymous_12)","decl":{"start":{"line":50,"column":16},"end":{"line":50,"column":22}},"loc":{"start":{"line":50,"column":22},"end":{"line":50,"column":null}},"line":50},"13":{"name":"(anonymous_13)","decl":{"start":{"line":51,"column":15},"end":{"line":51,"column":21}},"loc":{"start":{"line":51,"column":21},"end":{"line":54,"column":null}},"line":51},"14":{"name":"(anonymous_14)","decl":{"start":{"line":55,"column":13},"end":{"line":55,"column":19}},"loc":{"start":{"line":55,"column":19},"end":{"line":57,"column":null}},"line":55}},"branchMap":{},"s":{"0":2,"1":8,"2":28,"3":8,"4":4,"5":3,"6":3,"7":1,"8":2,"9":4,"10":13,"11":4,"12":2,"13":1,"14":1,"15":1,"16":2,"17":6,"18":21,"19":6,"20":3,"21":2,"22":2,"23":1},"f":{"0":8,"1":28,"2":4,"3":3,"4":1,"5":4,"6":13,"7":2,"8":1,"9":1,"10":6,"11":21,"12":3,"13":2,"14":1},"b":{},"meta":{"lastBranch":0,"lastFunction":15,"lastStatement":24,"seen":{"s:8:24:25:Infinity":0,"f:8:24:8:30":0,"s:9:8:9:Infinity":1,"f:9:31:9:32":1,"s:9:42:9:55":2,"s:11:2:24:Infinity":3,"f:12:16:12:17":2,"s:12:40:12:Infinity":4,"f:13:15:13:16":3,"s:14:6:18:Infinity":5,"s:19:6:19:Infinity":6,"f:21:13:21:19":4,"s:22:6:22:Infinity":7,"s:27:27:44:Infinity":8,"f:27:27:27:33":5,"s:28:8:28:Infinity":9,"f:28:31:28:32":6,"s:28:42:28:55":10,"s:30:2:43:Infinity":11,"f:31:16:31:17":7,"s:31:43:31:Infinity":12,"f:32:15:32:16":8,"s:33:6:37:Infinity":13,"s:38:6:38:Infinity":14,"f:40:13:40:19":9,"s:41:6:41:Infinity":15,"s:46:25:59:Infinity":16,"f:46:25:46:31":10,"s:47:8:47:Infinity":17,"f:47:33:47:34":11,"s:47:44:47:59":18,"s:49:2:58:Infinity":19,"f:50:16:50:22":12,"s:50:22:50:Infinity":20,"f:51:15:51:21":13,"s:52:6:52:Infinity":21,"s:53:6:53:Infinity":22,"f:55:13:55:19":14,"s:56:6:56:Infinity":23},"fnNames":{}}}
,"D:\\portf\\frontend\\src\\features\\auth\\store\\authStore.ts": {"path":"D:\\portf\\frontend\\src\\features\\auth\\store\\authStore.ts","statementMap":{"0":{"start":{"line":14,"column":13},"end":{"line":56,"column":null}},"1":{"start":{"line":16,"column":14},"end":{"line":47,"column":null}},"2":{"start":{"line":24,"column":8},"end":{"line":24,"column":null}},"3":{"start":{"line":25,"column":8},"end":{"line":25,"column":null}},"4":{"start":{"line":27,"column":8},"end":{"line":32,"column":null}},"5":{"start":{"line":37,"column":8},"end":{"line":37,"column":null}},"6":{"start":{"line":38,"column":8},"end":{"line":38,"column":null}},"7":{"start":{"line":40,"column":8},"end":{"line":45,"column":null}},"8":{"start":{"line":50,"column":30},"end":{"line":53,"column":null}},"9":{"start":{"line":59,"column":0},"end":{"line":63,"column":null}},"10":{"start":{"line":60,"column":2},"end":{"line":62,"column":null}},"11":{"start":{"line":61,"column":4},"end":{"line":61,"column":null}}},"fnMap":{"0":{"name":"(anonymous_0)","decl":{"start":{"line":16,"column":4},"end":{"line":16,"column":5}},"loc":{"start":{"line":16,"column":14},"end":{"line":47,"column":null}},"line":16},"1":{"name":"(anonymous_1)","decl":{"start":{"line":22,"column":15},"end":{"line":22,"column":16}},"loc":{"start":{"line":22,"column":52},"end":{"line":33,"column":null}},"line":22},"2":{"name":"(anonymous_2)","decl":{"start":{"line":35,"column":17},"end":{"line":35,"column":23}},"loc":{"start":{"line":35,"column":23},"end":{"line":46,"column":null}},"line":35},"3":{"name":"(anonymous_3)","decl":{"start":{"line":50,"column":18},"end":{"line":50,"column":19}},"loc":{"start":{"line":50,"column":30},"end":{"line":53,"column":null}},"line":50},"4":{"name":"(anonymous_4)","decl":{"start":{"line":60,"column":41},"end":{"line":60,"column":47}},"loc":{"start":{"line":60,"column":47},"end":{"line":62,"column":3}},"line":60}},"branchMap":{"0":{"loc":{"start":{"line":59,"column":0},"end":{"line":63,"column":null}},"type":"if","locations":[{"start":{"line":59,"column":0},"end":{"line":63,"column":null}},{"start":{},"end":{}}],"line":59}},"s":{"0":3,"1":3,"2":8,"3":8,"4":8,"5":3,"6":3,"7":3,"8":17,"9":3,"10":3,"11":0},"f":{"0":3,"1":8,"2":3,"3":17,"4":0},"b":{"0":[3,0]},"meta":{"lastBranch":1,"lastFunction":5,"lastStatement":12,"seen":{"s:14:13:56:Infinity":0,"f:16:4:16:5":0,"s:16:14:47:Infinity":1,"f:22:15:22:16":1,"s:24:8:24:Infinity":2,"s:25:8:25:Infinity":3,"s:27:8:32:Infinity":4,"f:35:17:35:23":2,"s:37:8:37:Infinity":5,"s:38:8:38:Infinity":6,"s:40:8:45:Infinity":7,"f:50:18:50:19":3,"s:50:30:53:Infinity":8,"b:59:0:63:Infinity:undefined:undefined:undefined:undefined":0,"s:59:0:63:Infinity":9,"s:60:2:62:Infinity":10,"f:60:41:60:47":4,"s:61:4:61:Infinity":11},"fnNames":{}}}
,"D:\\portf\\frontend\\src\\features\\members\\api\\membersApi.ts": {"path":"D:\\portf\\frontend\\src\\features\\members\\api\\membersApi.ts","statementMap":{"0":{"start":{"line":4,"column":26},"end":{"line":38,"column":null}},"1":{"start":{"line":6,"column":21},"end":{"line":8,"column":null}},"2":{"start":{"line":9,"column":4},"end":{"line":9,"column":null}},"3":{"start":{"line":16,"column":21},"end":{"line":19,"column":null}},"4":{"start":{"line":20,"column":4},"end":{"line":20,"column":null}},"5":{"start":{"line":28,"column":21},"end":{"line":31,"column":null}},"6":{"start":{"line":32,"column":4},"end":{"line":32,"column":null}},"7":{"start":{"line":36,"column":4},"end":{"line":36,"column":null}}},"fnMap":{"0":{"name":"(anonymous_0)","decl":{"start":{"line":5,"column":14},"end":{"line":5,"column":21}},"loc":{"start":{"line":5,"column":62},"end":{"line":10,"column":null}},"line":5},"1":{"name":"(anonymous_1)","decl":{"start":{"line":12,"column":13},"end":{"line":12,"column":null}},"loc":{"start":{"line":15,"column":24},"end":{"line":21,"column":null}},"line":15},"2":{"name":"(anonymous_2)","decl":{"start":{"line":23,"column":16},"end":{"line":23,"column":null}},"loc":{"start":{"line":27,"column":24},"end":{"line":33,"column":null}},"line":27},"3":{"name":"(anonymous_3)","decl":{"start":{"line":35,"column":16},"end":{"line":35,"column":23}},"loc":{"start":{"line":35,"column":78},"end":{"line":37,"column":null}},"line":35}},"branchMap":{},"s":{"0":1,"1":0,"2":0,"3":0,"4":0,"5":0,"6":0,"7":0},"f":{"0":0,"1":0,"2":0,"3":0},"b":{},"meta":{"lastBranch":0,"lastFunction":4,"lastStatement":8,"seen":{"s:4:26:38:Infinity":0,"f:5:14:5:21":0,"s:6:21:8:Infinity":1,"s:9:4:9:Infinity":2,"f:12:13:12:Infinity":1,"s:16:21:19:Infinity":3,"s:20:4:20:Infinity":4,"f:23:16:23:Infinity":2,"s:28:21:31:Infinity":5,"s:32:4:32:Infinity":6,"f:35:16:35:23":3,"s:36:4:36:Infinity":7},"fnNames":{}}}
,"D:\\portf\\frontend\\src\\features\\members\\hooks\\useMembers.ts": {"path":"D:\\portf\\frontend\\src\\features\\members\\hooks\\useMembers.ts","statementMap":{"0":{"start":{"line":5,"column":26},"end":{"line":5,"column":null}},"1":{"start":{"line":7,"column":26},"end":{"line":13,"column":null}},"2":{"start":{"line":8,"column":2},"end":{"line":12,"column":null}},"3":{"start":{"line":10,"column":19},"end":{"line":10,"column":null}},"4":{"start":{"line":15,"column":28},"end":{"line":32,"column":null}},"5":{"start":{"line":16,"column":8},"end":{"line":16,"column":null}},"6":{"start":{"line":18,"column":2},"end":{"line":31,"column":null}},"7":{"start":{"line":25,"column":10},"end":{"line":25,"column":null}},"8":{"start":{"line":27,"column":6},"end":{"line":29,"column":null}},"9":{"start":{"line":34,"column":31},"end":{"line":53,"column":null}},"10":{"start":{"line":35,"column":8},"end":{"line":35,"column":null}},"11":{"start":{"line":37,"column":2},"end":{"line":52,"column":null}},"12":{"start":{"line":46,"column":10},"end":{"line":46,"column":null}},"13":{"start":{"line":48,"column":6},"end":{"line":50,"column":null}},"14":{"start":{"line":55,"column":31},"end":{"line":72,"column":null}},"15":{"start":{"line":56,"column":8},"end":{"line":56,"column":null}},"16":{"start":{"line":58,"column":2},"end":{"line":71,"column":null}},"17":{"start":{"line":65,"column":10},"end":{"line":65,"column":null}},"18":{"start":{"line":67,"column":6},"end":{"line":69,"column":null}}},"fnMap":{"0":{"name":"(anonymous_0)","decl":{"start":{"line":7,"column":26},"end":{"line":7,"column":27}},"loc":{"start":{"line":7,"column":49},"end":{"line":13,"column":null}},"line":7},"1":{"name":"(anonymous_1)","decl":{"start":{"line":10,"column":13},"end":{"line":10,"column":19}},"loc":{"start":{"line":10,"column":19},"end":{"line":10,"column":null}},"line":10},"2":{"name":"(anonymous_2)","decl":{"start":{"line":15,"column":28},"end":{"line":15,"column":34}},"loc":{"start":{"line":15,"column":34},"end":{"line":32,"column":null}},"line":15},"3":{"name":"(anonymous_3)","decl":{"start":{"line":19,"column":16},"end":{"line":19,"column":17}},"loc":{"start":{"line":25,"column":10},"end":{"line":25,"column":null}},"line":25},"4":{"name":"(anonymous_4)","decl":{"start":{"line":26,"column":15},"end":{"line":26,"column":16}},"loc":{"start":{"line":26,"column":37},"end":{"line":30,"column":null}},"line":26},"5":{"name":"(anonymous_5)","decl":{"start":{"line":34,"column":31},"end":{"line":34,"column":37}},"loc":{"start":{"line":34,"column":37},"end":{"line":53,"column":null}},"line":34},"6":{"name":"(anonymous_6)","decl":{"start":{"line":38,"column":16},"end":{"line":38,"column":17}},"loc":{"start":{"line":46,"column":10},"end":{"line":46,"column":null}},"line":46},"7":{"name":"(anonymous_7)","decl":{"start":{"line":47,"column":15},"end":{"line":47,"column":16}},"loc":{"start":{"line":47,"column":37},"end":{"line":51,"column":null}},"line":47},"8":{"name":"(anonymous_8)","decl":{"start":{"line":55,"column":31},"end":{"line":55,"column":37}},"loc":{"start":{"line":55,"column":37},"end":{"line":72,"column":null}},"line":55},"9":{"name":"(anonymous_9)","decl":{"start":{"line":59,"column":16},"end":{"line":59,"column":17}},"loc":{"start":{"line":65,"column":10},"end":{"line":65,"column":null}},"line":65},"10":{"name":"(anonymous_10)","decl":{"start":{"line":66,"column":15},"end":{"line":66,"column":16}},"loc":{"start":{"line":66,"column":37},"end":{"line":70,"column":null}},"line":66}},"branchMap":{},"s":{"0":1,"1":1,"2":4,"3":2,"4":1,"5":4,"6":4,"7":2,"8":1,"9":1,"10":2,"11":2,"12":1,"13":1,"14":1,"15":4,"16":4,"17":2,"18":1},"f":{"0":4,"1":2,"2":4,"3":2,"4":1,"5":2,"6":1,"7":1,"8":4,"9":2,"10":1},"b":{},"meta":{"lastBranch":0,"lastFunction":11,"lastStatement":19,"seen":{"s:5:26:5:Infinity":0,"s:7:26:13:Infinity":1,"f:7:26:7:27":0,"s:8:2:12:Infinity":2,"f:10:13:10:19":1,"s:10:19:10:Infinity":3,"s:15:28:32:Infinity":4,"f:15:28:15:34":2,"s:16:8:16:Infinity":5,"s:18:2:31:Infinity":6,"f:19:16:19:17":3,"s:25:10:25:Infinity":7,"f:26:15:26:16":4,"s:27:6:29:Infinity":8,"s:34:31:53:Infinity":9,"f:34:31:34:37":5,"s:35:8:35:Infinity":10,"s:37:2:52:Infinity":11,"f:38:16:38:17":6,"s:46:10:46:Infinity":12,"f:47:15:47:16":7,"s:48:6:50:Infinity":13,"s:55:31:72:Infinity":14,"f:55:31:55:37":8,"s:56:8:56:Infinity":15,"s:58:2:71:Infinity":16,"f:59:16:59:17":9,"s:65:10:65:Infinity":17,"f:66:15:66:16":10,"s:67:6:69:Infinity":18},"fnNames":{}}}
,"D:\\portf\\frontend\\src\\features\\project-members\\api\\projectMembersApi.ts": {"path":"D:\\portf\\frontend\\src\\features\\project-members\\api\\projectMembersApi.ts","statementMap":{"0":{"start":{"line":9,"column":33},"end":{"line":50,"column":null}},"1":{"start":{"line":17,"column":21},"end":{"line":20,"column":null}},"2":{"start":{"line":21,"column":4},"end":{"line":21,"column":null}},"3":{"start":{"line":28,"column":21},"end":{"line":31,"column":null}},"4":{"start":{"line":32,"column":4},"end":{"line":32,"column":null}},"5":{"start":{"line":40,"column":21},"end":{"line":43,"column":null}},"6":{"start":{"line":44,"column":4},"end":{"line":44,"column":null}},"7":{"start":{"line":48,"column":4},"end":{"line":48,"column":null}}},"fnMap":{"0":{"name":"(anonymous_0)","decl":{"start":{"line":10,"column":14},"end":{"line":10,"column":null}},"loc":{"start":{"line":16,"column":50},"end":{"line":22,"column":null}},"line":16},"1":{"name":"(anonymous_1)","decl":{"start":{"line":24,"column":13},"end":{"line":24,"column":null}},"loc":{"start":{"line":27,"column":31},"end":{"line":33,"column":null}},"line":27},"2":{"name":"(anonymous_2)","decl":{"start":{"line":35,"column":20},"end":{"line":35,"column":null}},"loc":{"start":{"line":39,"column":31},"end":{"line":45,"column":null}},"line":39},"3":{"name":"(anonymous_3)","decl":{"start":{"line":47,"column":16},"end":{"line":47,"column":23}},"loc":{"start":{"line":47,"column":76},"end":{"line":49,"column":null}},"line":47}},"branchMap":{},"s":{"0":1,"1":0,"2":0,"3":0,"4":0,"5":0,"6":0,"7":0},"f":{"0":0,"1":0,"2":0,"3":0},"b":{},"meta":{"lastBranch":0,"lastFunction":4,"lastStatement":8,"seen":{"s:9:33:50:Infinity":0,"f:10:14:10:Infinity":0,"s:17:21:20:Infinity":1,"s:21:4:21:Infinity":2,"f:24:13:24:Infinity":1,"s:28:21:31:Infinity":3,"s:32:4:32:Infinity":4,"f:35:20:35:Infinity":2,"s:40:21:43:Infinity":5,"s:44:4:44:Infinity":6,"f:47:16:47:23":3,"s:48:4:48:Infinity":7},"fnNames":{}}}
,"D:\\portf\\frontend\\src\\features\\project-members\\hooks\\useProjectMembers.ts": {"path":"D:\\portf\\frontend\\src\\features\\project-members\\hooks\\useProjectMembers.ts","statementMap":{"0":{"start":{"line":7,"column":26},"end":{"line":7,"column":null}},"1":{"start":{"line":9,"column":33},"end":{"line":21,"column":null}},"2":{"start":{"line":16,"column":2},"end":{"line":20,"column":null}},"3":{"start":{"line":18,"column":19},"end":{"line":18,"column":null}},"4":{"start":{"line":23,"column":28},"end":{"line":44,"column":null}},"5":{"start":{"line":24,"column":8},"end":{"line":24,"column":null}},"6":{"start":{"line":26,"column":2},"end":{"line":43,"column":null}},"7":{"start":{"line":33,"column":10},"end":{"line":33,"column":null}},"8":{"start":{"line":35,"column":6},"end":{"line":37,"column":null}},"9":{"start":{"line":38,"column":6},"end":{"line":38,"column":null}},"10":{"start":{"line":41,"column":6},"end":{"line":41,"column":null}},"11":{"start":{"line":46,"column":35},"end":{"line":69,"column":null}},"12":{"start":{"line":47,"column":8},"end":{"line":47,"column":null}},"13":{"start":{"line":49,"column":2},"end":{"line":68,"column":null}},"14":{"start":{"line":58,"column":10},"end":{"line":58,"column":null}},"15":{"start":{"line":60,"column":6},"end":{"line":62,"column":null}},"16":{"start":{"line":63,"column":6},"end":{"line":63,"column":null}},"17":{"start":{"line":66,"column":6},"end":{"line":66,"column":null}},"18":{"start":{"line":71,"column":31},"end":{"line":87,"column":null}},"19":{"start":{"line":72,"column":8},"end":{"line":72,"column":null}},"20":{"start":{"line":74,"column":2},"end":{"line":86,"column":null}},"21":{"start":{"line":76,"column":6},"end":{"line":76,"column":null}},"22":{"start":{"line":78,"column":6},"end":{"line":80,"column":null}},"23":{"start":{"line":81,"column":6},"end":{"line":81,"column":null}},"24":{"start":{"line":84,"column":6},"end":{"line":84,"column":null}}},"fnMap":{"0":{"name":"(anonymous_0)","decl":{"start":{"line":9,"column":33},"end":{"line":9,"column":null}},"loc":{"start":{"line":15,"column":5},"end":{"line":21,"column":null}},"line":15},"1":{"name":"(anonymous_1)","decl":{"start":{"line":18,"column":13},"end":{"line":18,"column":19}},"loc":{"start":{"line":18,"column":19},"end":{"line":18,"column":null}},"line":18},"2":{"name":"(anonymous_2)","decl":{"start":{"line":23,"column":28},"end":{"line":23,"column":34}},"loc":{"start":{"line":23,"column":34},"end":{"line":44,"column":null}},"line":23},"3":{"name":"(anonymous_3)","decl":{"start":{"line":27,"column":16},"end":{"line":27,"column":17}},"loc":{"start":{"line":33,"column":10},"end":{"line":33,"column":null}},"line":33},"4":{"name":"(anonymous_4)","decl":{"start":{"line":34,"column":15},"end":{"line":34,"column":16}},"loc":{"start":{"line":34,"column":37},"end":{"line":39,"column":null}},"line":34},"5":{"name":"(anonymous_5)","decl":{"start":{"line":40,"column":13},"end":{"line":40,"column":19}},"loc":{"start":{"line":40,"column":19},"end":{"line":42,"column":null}},"line":40},"6":{"name":"(anonymous_6)","decl":{"start":{"line":46,"column":35},"end":{"line":46,"column":41}},"loc":{"start":{"line":46,"column":41},"end":{"line":69,"column":null}},"line":46},"7":{"name":"(anonymous_7)","decl":{"start":{"line":50,"column":16},"end":{"line":50,"column":17}},"loc":{"start":{"line":58,"column":10},"end":{"line":58,"column":null}},"line":58},"8":{"name":"(anonymous_8)","decl":{"start":{"line":59,"column":15},"end":{"line":59,"column":16}},"loc":{"start":{"line":59,"column":37},"end":{"line":64,"column":null}},"line":59},"9":{"name":"(anonymous_9)","decl":{"start":{"line":65,"column":13},"end":{"line":65,"column":19}},"loc":{"start":{"line":65,"column":19},"end":{"line":67,"column":null}},"line":65},"10":{"name":"(anonymous_10)","decl":{"start":{"line":71,"column":31},"end":{"line":71,"column":37}},"loc":{"start":{"line":71,"column":37},"end":{"line":87,"column":null}},"line":71},"11":{"name":"(anonymous_11)","decl":{"start":{"line":75,"column":16},"end":{"line":75,"column":17}},"loc":{"start":{"line":76,"column":6},"end":{"line":76,"column":null}},"line":76},"12":{"name":"(anonymous_12)","decl":{"start":{"line":77,"column":15},"end":{"line":77,"column":16}},"loc":{"start":{"line":77,"column":37},"end":{"line":82,"column":null}},"line":77},"13":{"name":"(anonymous_13)","decl":{"start":{"line":83,"column":13},"end":{"line":83,"column":19}},"loc":{"start":{"line":83,"column":19},"end":{"line":85,"column":null}},"line":83}},"branchMap":{},"s":{"0":1,"1":1,"2":3,"3":2,"4":1,"5":4,"6":4,"7":2,"8":1,"9":1,"10":1,"11":1,"12":2,"13":2,"14":1,"15":1,"16":1,"17":0,"18":1,"19":4,"20":4,"21":2,"22":1,"23":1,"24":1},"f":{"0":3,"1":2,"2":4,"3":2,"4":1,"5":1,"6":2,"7":1,"8":1,"9":0,"10":4,"11":2,"12":1,"13":1},"b":{},"meta":{"lastBranch":0,"lastFunction":14,"lastStatement":25,"seen":{"s:7:26:7:Infinity":0,"s:9:33:21:Infinity":1,"f:9:33:9:Infinity":0,"s:16:2:20:Infinity":2,"f:18:13:18:19":1,"s:18:19:18:Infinity":3,"s:23:28:44:Infinity":4,"f:23:28:23:34":2,"s:24:8:24:Infinity":5,"s:26:2:43:Infinity":6,"f:27:16:27:17":3,"s:33:10:33:Infinity":7,"f:34:15:34:16":4,"s:35:6:37:Infinity":8,"s:38:6:38:Infinity":9,"f:40:13:40:19":5,"s:41:6:41:Infinity":10,"s:46:35:69:Infinity":11,"f:46:35:46:41":6,"s:47:8:47:Infinity":12,"s:49:2:68:Infinity":13,"f:50:16:50:17":7,"s:58:10:58:Infinity":14,"f:59:15:59:16":8,"s:60:6:62:Infinity":15,"s:63:6:63:Infinity":16,"f:65:13:65:19":9,"s:66:6:66:Infinity":17,"s:71:31:87:Infinity":18,"f:71:31:71:37":10,"s:72:8:72:Infinity":19,"s:74:2:86:Infinity":20,"f:75:16:75:17":11,"s:76:6:76:Infinity":21,"f:77:15:77:16":12,"s:78:6:80:Infinity":22,"s:81:6:81:Infinity":23,"f:83:13:83:19":13,"s:84:6:84:Infinity":24},"fnNames":{}}}
,"D:\\portf\\frontend\\src\\features\\projects\\api\\projectsApi.ts": {"path":"D:\\portf\\frontend\\src\\features\\projects\\api\\projectsApi.ts","statementMap":{"0":{"start":{"line":9,"column":27},"end":{"line":44,"column":null}},"1":{"start":{"line":16,"column":21},"end":{"line":19,"column":null}},"2":{"start":{"line":20,"column":4},"end":{"line":20,"column":null}},"3":{"start":{"line":24,"column":21},"end":{"line":24,"column":null}},"4":{"start":{"line":25,"column":4},"end":{"line":25,"column":null}},"5":{"start":{"line":29,"column":21},"end":{"line":29,"column":null}},"6":{"start":{"line":30,"column":4},"end":{"line":30,"column":null}},"7":{"start":{"line":37,"column":21},"end":{"line":37,"column":null}},"8":{"start":{"line":38,"column":4},"end":{"line":38,"column":null}},"9":{"start":{"line":42,"column":4},"end":{"line":42,"column":null}}},"fnMap":{"0":{"name":"(anonymous_0)","decl":{"start":{"line":10,"column":15},"end":{"line":10,"column":22}},"loc":{"start":{"line":15,"column":45},"end":{"line":21,"column":null}},"line":15},"1":{"name":"(anonymous_1)","decl":{"start":{"line":23,"column":14},"end":{"line":23,"column":21}},"loc":{"start":{"line":23,"column":54},"end":{"line":26,"column":null}},"line":23},"2":{"name":"(anonymous_2)","decl":{"start":{"line":28,"column":17},"end":{"line":28,"column":24}},"loc":{"start":{"line":28,"column":73},"end":{"line":31,"column":null}},"line":28},"3":{"name":"(anonymous_3)","decl":{"start":{"line":33,"column":17},"end":{"line":33,"column":null}},"loc":{"start":{"line":36,"column":25},"end":{"line":39,"column":null}},"line":36},"4":{"name":"(anonymous_4)","decl":{"start":{"line":41,"column":17},"end":{"line":41,"column":24}},"loc":{"start":{"line":41,"column":54},"end":{"line":43,"column":null}},"line":41}},"branchMap":{},"s":{"0":1,"1":0,"2":0,"3":0,"4":0,"5":0,"6":0,"7":0,"8":0,"9":0},"f":{"0":0,"1":0,"2":0,"3":0,"4":0},"b":{},"meta":{"lastBranch":0,"lastFunction":5,"lastStatement":10,"seen":{"s:9:27:44:Infinity":0,"f:10:15:10:22":0,"s:16:21:19:Infinity":1,"s:20:4:20:Infinity":2,"f:23:14:23:21":1,"s:24:21:24:Infinity":3,"s:25:4:25:Infinity":4,"f:28:17:28:24":2,"s:29:21:29:Infinity":5,"s:30:4:30:Infinity":6,"f:33:17:33:Infinity":3,"s:37:21:37:Infinity":7,"s:38:4:38:Infinity":8,"f:41:17:41:24":4,"s:42:4:42:Infinity":9},"fnNames":{}}}
,"D:\\portf\\frontend\\src\\features\\projects\\hooks\\useProjects.ts": {"path":"D:\\portf\\frontend\\src\\features\\projects\\hooks\\useProjects.ts","statementMap":{"0":{"start":{"line":12,"column":27},"end":{"line":12,"column":null}},"1":{"start":{"line":14,"column":27},"end":{"line":24,"column":null}},"2":{"start":{"line":20,"column":2},"end":{"line":23,"column":null}},"3":{"start":{"line":22,"column":19},"end":{"line":22,"column":null}},"4":{"start":{"line":26,"column":26},"end":{"line":32,"column":null}},"5":{"start":{"line":27,"column":2},"end":{"line":31,"column":null}},"6":{"start":{"line":29,"column":19},"end":{"line":29,"column":null}},"7":{"start":{"line":34,"column":32},"end":{"line":67,"column":null}},"8":{"start":{"line":35,"column":8},"end":{"line":35,"column":null}},"9":{"start":{"line":37,"column":2},"end":{"line":66,"column":null}},"10":{"start":{"line":39,"column":6},"end":{"line":39,"column":null}},"11":{"start":{"line":41,"column":6},"end":{"line":41,"column":null}},"12":{"start":{"line":43,"column":31},"end":{"line":43,"column":null}},"13":{"start":{"line":45,"column":6},"end":{"line":52,"column":null}},"14":{"start":{"line":46,"column":8},"end":{"line":46,"column":null}},"15":{"start":{"line":46,"column":18},"end":{"line":46,"column":null}},"16":{"start":{"line":47,"column":8},"end":{"line":51,"column":null}},"17":{"start":{"line":54,"column":6},"end":{"line":54,"column":null}},"18":{"start":{"line":57,"column":6},"end":{"line":59,"column":null}},"19":{"start":{"line":58,"column":8},"end":{"line":58,"column":null}},"20":{"start":{"line":60,"column":6},"end":{"line":60,"column":null}},"21":{"start":{"line":63,"column":6},"end":{"line":63,"column":null}},"22":{"start":{"line":64,"column":6},"end":{"line":64,"column":null}},"23":{"start":{"line":69,"column":32},"end":{"line":98,"column":null}},"24":{"start":{"line":70,"column":8},"end":{"line":70,"column":null}},"25":{"start":{"line":72,"column":2},"end":{"line":97,"column":null}},"26":{"start":{"line":74,"column":6},"end":{"line":74,"column":null}},"27":{"start":{"line":76,"column":6},"end":{"line":76,"column":null}},"28":{"start":{"line":78,"column":30},"end":{"line":78,"column":null}},"29":{"start":{"line":80,"column":6},"end":{"line":83,"column":null}},"30":{"start":{"line":80,"column":91},"end":{"line":83,"column":19}},"31":{"start":{"line":85,"column":6},"end":{"line":85,"column":null}},"32":{"start":{"line":88,"column":6},"end":{"line":90,"column":null}},"33":{"start":{"line":89,"column":8},"end":{"line":89,"column":null}},"34":{"start":{"line":91,"column":6},"end":{"line":91,"column":null}},"35":{"start":{"line":94,"column":6},"end":{"line":94,"column":null}},"36":{"start":{"line":95,"column":6},"end":{"line":95,"column":null}},"37":{"start":{"line":100,"column":32},"end":{"line":132,"column":null}},"38":{"start":{"line":101,"column":8},"end":{"line":101,"column":null}},"39":{"start":{"line":103,"column":2},"end":{"line":131,"column":null}},"40":{"start":{"line":104,"column":32},"end":{"line":104,"column":null}},"41":{"start":{"line":106,"column":6},"end":{"line":106,"column":null}},"42":{"start":{"line":108,"column":31},"end":{"line":108,"column":null}},"43":{"start":{"line":110,"column":6},"end":{"line":117,"column":null}},"44":{"start":{"line":111,"column":8},"end":{"line":111,"column":null}},"45":{"start":{"line":111,"column":18},"end":{"line":111,"column":null}},"46":{"start":{"line":112,"column":8},"end":{"line":116,"column":null}},"47":{"start":{"line":114,"column":50},"end":{"line":114,"column":61}},"48":{"start":{"line":119,"column":6},"end":{"line":119,"column":null}},"49":{"start":{"line":122,"column":6},"end":{"line":124,"column":null}},"50":{"start":{"line":123,"column":8},"end":{"line":123,"column":null}},"51":{"start":{"line":125,"column":6},"end":{"line":125,"column":null}},"52":{"start":{"line":128,"column":6},"end":{"line":128,"column":null}},"53":{"start":{"line":129,"column":6},"end":{"line":129,"column":null}}},"fnMap":{"0":{"name":"(anonymous_0)","decl":{"start":{"line":14,"column":27},"end":{"line":14,"column":28}},"loc":{"start":{"line":19,"column":6},"end":{"line":24,"column":null}},"line":19},"1":{"name":"(anonymous_1)","decl":{"start":{"line":22,"column":13},"end":{"line":22,"column":19}},"loc":{"start":{"line":22,"column":19},"end":{"line":22,"column":null}},"line":22},"2":{"name":"(anonymous_2)","decl":{"start":{"line":26,"column":26},"end":{"line":26,"column":27}},"loc":{"start":{"line":26,"column":42},"end":{"line":32,"column":null}},"line":26},"3":{"name":"(anonymous_3)","decl":{"start":{"line":29,"column":13},"end":{"line":29,"column":19}},"loc":{"start":{"line":29,"column":19},"end":{"line":29,"column":null}},"line":29},"4":{"name":"(anonymous_4)","decl":{"start":{"line":34,"column":32},"end":{"line":34,"column":38}},"loc":{"start":{"line":34,"column":38},"end":{"line":67,"column":null}},"line":34},"5":{"name":"(anonymous_5)","decl":{"start":{"line":38,"column":16},"end":{"line":38,"column":17}},"loc":{"start":{"line":39,"column":6},"end":{"line":39,"column":null}},"line":39},"6":{"name":"(anonymous_6)","decl":{"start":{"line":40,"column":14},"end":{"line":40,"column":21}},"loc":{"start":{"line":40,"column":36},"end":{"line":55,"column":null}},"line":40},"7":{"name":"(anonymous_7)","decl":{"start":{"line":45,"column":51},"end":{"line":45,"column":52}},"loc":{"start":{"line":45,"column":90},"end":{"line":52,"column":7}},"line":45},"8":{"name":"(anonymous_8)","decl":{"start":{"line":56,"column":13},"end":{"line":56,"column":14}},"loc":{"start":{"line":56,"column":46},"end":{"line":61,"column":null}},"line":56},"9":{"name":"(anonymous_9)","decl":{"start":{"line":62,"column":15},"end":{"line":62,"column":21}},"loc":{"start":{"line":62,"column":21},"end":{"line":65,"column":null}},"line":62},"10":{"name":"(anonymous_10)","decl":{"start":{"line":69,"column":32},"end":{"line":69,"column":38}},"loc":{"start":{"line":69,"column":38},"end":{"line":98,"column":null}},"line":69},"11":{"name":"(anonymous_11)","decl":{"start":{"line":73,"column":16},"end":{"line":73,"column":17}},"loc":{"start":{"line":74,"column":6},"end":{"line":74,"column":null}},"line":74},"12":{"name":"(anonymous_12)","decl":{"start":{"line":75,"column":14},"end":{"line":75,"column":21}},"loc":{"start":{"line":75,"column":38},"end":{"line":86,"column":null}},"line":75},"13":{"name":"(anonymous_13)","decl":{"start":{"line":80,"column":60},"end":{"line":80,"column":61}},"loc":{"start":{"line":80,"column":91},"end":{"line":83,"column":19}},"line":80},"14":{"name":"(anonymous_14)","decl":{"start":{"line":87,"column":13},"end":{"line":87,"column":14}},"loc":{"start":{"line":87,"column":46},"end":{"line":92,"column":null}},"line":87},"15":{"name":"(anonymous_15)","decl":{"start":{"line":93,"column":15},"end":{"line":93,"column":21}},"loc":{"start":{"line":93,"column":21},"end":{"line":96,"column":null}},"line":93},"16":{"name":"(anonymous_16)","decl":{"start":{"line":100,"column":32},"end":{"line":100,"column":38}},"loc":{"start":{"line":100,"column":38},"end":{"line":132,"column":null}},"line":100},"17":{"name":"(anonymous_17)","decl":{"start":{"line":104,"column":16},"end":{"line":104,"column":17}},"loc":{"start":{"line":104,"column":32},"end":{"line":104,"column":null}},"line":104},"18":{"name":"(anonymous_18)","decl":{"start":{"line":105,"column":14},"end":{"line":105,"column":21}},"loc":{"start":{"line":105,"column":28},"end":{"line":120,"column":null}},"line":105},"19":{"name":"(anonymous_19)","decl":{"start":{"line":110,"column":51},"end":{"line":110,"column":52}},"loc":{"start":{"line":110,"column":90},"end":{"line":117,"column":7}},"line":110},"20":{"name":"(anonymous_20)","decl":{"start":{"line":114,"column":34},"end":{"line":114,"column":35}},"loc":{"start":{"line":114,"column":50},"end":{"line":114,"column":61}},"line":114},"21":{"name":"(anonymous_21)","decl":{"start":{"line":121,"column":13},"end":{"line":121,"column":14}},"loc":{"start":{"line":121,"column":46},"end":{"line":126,"column":null}},"line":121},"22":{"name":"(anonymous_22)","decl":{"start":{"line":127,"column":15},"end":{"line":127,"column":21}},"loc":{"start":{"line":127,"column":21},"end":{"line":130,"column":null}},"line":127}},"branchMap":{"0":{"loc":{"start":{"line":46,"column":8},"end":{"line":46,"column":null}},"type":"if","locations":[{"start":{"line":46,"column":8},"end":{"line":46,"column":null}},{"start":{},"end":{}}],"line":46},"1":{"loc":{"start":{"line":57,"column":6},"end":{"line":59,"column":null}},"type":"if","locations":[{"start":{"line":57,"column":6},"end":{"line":59,"column":null}},{"start":{},"end":{}}],"line":57},"2":{"loc":{"start":{"line":88,"column":6},"end":{"line":90,"column":null}},"type":"if","locations":[{"start":{"line":88,"column":6},"end":{"line":90,"column":null}},{"start":{},"end":{}}],"line":88},"3":{"loc":{"start":{"line":111,"column":8},"end":{"line":111,"column":null}},"type":"if","locations":[{"start":{"line":111,"column":8},"end":{"line":111,"column":null}},{"start":{},"end":{}}],"line":111},"4":{"loc":{"start":{"line":122,"column":6},"end":{"line":124,"column":null}},"type":"if","locations":[{"start":{"line":122,"column":6},"end":{"line":124,"column":null}},{"start":{},"end":{}}],"line":122}},"s":{"0":1,"1":1,"2":5,"3":3,"4":1,"5":4,"6":2,"7":1,"8":4,"9":4,"10":2,"11":2,"12":2,"13":2,"14":2,"15":2,"16":0,"17":2,"18":1,"19":0,"20":1,"21":1,"22":1,"23":1,"24":2,"25":2,"26":1,"27":1,"28":1,"29":1,"30":1,"31":1,"32":0,"33":0,"34":0,"35":1,"36":1,"37":1,"38":4,"39":4,"40":2,"41":2,"42":2,"43":2,"44":2,"45":2,"46":0,"47":0,"48":2,"49":1,"50":0,"51":1,"52":1,"53":1},"f":{"0":5,"1":3,"2":4,"3":2,"4":4,"5":2,"6":2,"7":2,"8":1,"9":1,"10":2,"11":1,"12":1,"13":1,"14":0,"15":1,"16":4,"17":2,"18":2,"19":2,"20":0,"21":1,"22":1},"b":{"0":[2,0],"1":[0,1],"2":[0,0],"3":[2,0],"4":[0,1]},"meta":{"lastBranch":5,"lastFunction":23,"lastStatement":54,"seen":{"s:12:27:12:Infinity":0,"s:14:27:24:Infinity":1,"f:14:27:14:28":0,"s:20:2:23:Infinity":2,"f:22:13:22:19":1,"s:22:19:22:Infinity":3,"s:26:26:32:Infinity":4,"f:26:26:26:27":2,"s:27:2:31:Infinity":5,"f:29:13:29:19":3,"s:29:19:29:Infinity":6,"s:34:32:67:Infinity":7,"f:34:32:34:38":4,"s:35:8:35:Infinity":8,"s:37:2:66:Infinity":9,"f:38:16:38:17":5,"s:39:6:39:Infinity":10,"f:40:14:40:21":6,"s:41:6:41:Infinity":11,"s:43:31:43:Infinity":12,"s:45:6:52:Infinity":13,"f:45:51:45:52":7,"b:46:8:46:Infinity:undefined:undefined:undefined:undefined":0,"s:46:8:46:Infinity":14,"s:46:18:46:Infinity":15,"s:47:8:51:Infinity":16,"s:54:6:54:Infinity":17,"f:56:13:56:14":8,"b:57:6:59:Infinity:undefined:undefined:undefined:undefined":1,"s:57:6:59:Infinity":18,"s:58:8:58:Infinity":19,"s:60:6:60:Infinity":20,"f:62:15:62:21":9,"s:63:6:63:Infinity":21,"s:64:6:64:Infinity":22,"s:69:32:98:Infinity":23,"f:69:32:69:38":10,"s:70:8:70:Infinity":24,"s:72:2:97:Infinity":25,"f:73:16:73:17":11,"s:74:6:74:Infinity":26,"f:75:14:75:21":12,"s:76:6:76:Infinity":27,"s:78:30:78:Infinity":28,"s:80:6:83:Infinity":29,"f:80:60:80:61":13,"s:80:91:83:19":30,"s:85:6:85:Infinity":31,"f:87:13:87:14":14,"b:88:6:90:Infinity:undefined:undefined:undefined:undefined":2,"s:88:6:90:Infinity":32,"s:89:8:89:Infinity":33,"s:91:6:91:Infinity":34,"f:93:15:93:21":15,"s:94:6:94:Infinity":35,"s:95:6:95:Infinity":36,"s:100:32:132:Infinity":37,"f:100:32:100:38":16,"s:101:8:101:Infinity":38,"s:103:2:131:Infinity":39,"f:104:16:104:17":17,"s:104:32:104:Infinity":40,"f:105:14:105:21":18,"s:106:6:106:Infinity":41,"s:108:31:108:Infinity":42,"s:110:6:117:Infinity":43,"f:110:51:110:52":19,"b:111:8:111:Infinity:undefined:undefined:undefined:undefined":3,"s:111:8:111:Infinity":44,"s:111:18:111:Infinity":45,"s:112:8:116:Infinity":46,"f:114:34:114:35":20,"s:114:50:114:61":47,"s:119:6:119:Infinity":48,"f:121:13:121:14":21,"b:122:6:124:Infinity:undefined:undefined:undefined:undefined":4,"s:122:6:124:Infinity":49,"s:123:8:123:Infinity":50,"s:125:6:125:Infinity":51,"f:127:15:127:21":22,"s:128:6:128:Infinity":52,"s:129:6:129:Infinity":53},"fnNames":{}}}
,"D:\\portf\\frontend\\src\\features\\tasks\\api\\tasksApi.ts": {"path":"D:\\portf\\frontend\\src\\features\\tasks\\api\\tasksApi.ts","statementMap":{"0":{"start":{"line":5,"column":24},"end":{"line":50,"column":null}},"1":{"start":{"line":16,"column":21},"end":{"line":19,"column":null}},"2":{"start":{"line":20,"column":4},"end":{"line":20,"column":null}},"3":{"start":{"line":24,"column":21},"end":{"line":24,"column":null}},"4":{"start":{"line":25,"column":4},"end":{"line":25,"column":null}},"5":{"start":{"line":32,"column":21},"end":{"line":35,"column":null}},"6":{"start":{"line":36,"column":4},"end":{"line":36,"column":null}},"7":{"start":{"line":43,"column":21},"end":{"line":43,"column":null}},"8":{"start":{"line":44,"column":4},"end":{"line":44,"column":null}},"9":{"start":{"line":48,"column":4},"end":{"line":48,"column":null}}},"fnMap":{"0":{"name":"(anonymous_0)","decl":{"start":{"line":6,"column":12},"end":{"line":6,"column":null}},"loc":{"start":{"line":15,"column":41},"end":{"line":21,"column":null}},"line":15},"1":{"name":"(anonymous_1)","decl":{"start":{"line":23,"column":11},"end":{"line":23,"column":18}},"loc":{"start":{"line":23,"column":52},"end":{"line":26,"column":null}},"line":23},"2":{"name":"(anonymous_2)","decl":{"start":{"line":28,"column":14},"end":{"line":28,"column":null}},"loc":{"start":{"line":31,"column":22},"end":{"line":37,"column":null}},"line":31},"3":{"name":"(anonymous_3)","decl":{"start":{"line":39,"column":14},"end":{"line":39,"column":null}},"loc":{"start":{"line":42,"column":22},"end":{"line":45,"column":null}},"line":42},"4":{"name":"(anonymous_4)","decl":{"start":{"line":47,"column":14},"end":{"line":47,"column":21}},"loc":{"start":{"line":47,"column":55},"end":{"line":49,"column":null}},"line":47}},"branchMap":{},"s":{"0":1,"1":0,"2":0,"3":0,"4":0,"5":0,"6":0,"7":0,"8":0,"9":0},"f":{"0":0,"1":0,"2":0,"3":0,"4":0},"b":{},"meta":{"lastBranch":0,"lastFunction":5,"lastStatement":10,"seen":{"s:5:24:50:Infinity":0,"f:6:12:6:Infinity":0,"s:16:21:19:Infinity":1,"s:20:4:20:Infinity":2,"f:23:11:23:18":1,"s:24:21:24:Infinity":3,"s:25:4:25:Infinity":4,"f:28:14:28:Infinity":2,"s:32:21:35:Infinity":5,"s:36:4:36:Infinity":6,"f:39:14:39:Infinity":3,"s:43:21:43:Infinity":7,"s:44:4:44:Infinity":8,"f:47:14:47:21":4,"s:48:4:48:Infinity":9},"fnNames":{}}}
,"D:\\portf\\frontend\\src\\features\\tasks\\hooks\\useTasks.ts": {"path":"D:\\portf\\frontend\\src\\features\\tasks\\hooks\\useTasks.ts","statementMap":{"0":{"start":{"line":12,"column":24},"end":{"line":12,"column":null}},"1":{"start":{"line":14,"column":24},"end":{"line":29,"column":null}},"2":{"start":{"line":24,"column":2},"end":{"line":28,"column":null}},"3":{"start":{"line":26,"column":19},"end":{"line":26,"column":null}},"4":{"start":{"line":31,"column":23},"end":{"line":37,"column":null}},"5":{"start":{"line":32,"column":2},"end":{"line":36,"column":null}},"6":{"start":{"line":34,"column":19},"end":{"line":34,"column":null}},"7":{"start":{"line":39,"column":29},"end":{"line":90,"column":null}},"8":{"start":{"line":40,"column":8},"end":{"line":40,"column":null}},"9":{"start":{"line":42,"column":2},"end":{"line":89,"column":null}},"10":{"start":{"line":49,"column":10},"end":{"line":49,"column":null}},"11":{"start":{"line":51,"column":6},"end":{"line":53,"column":null}},"12":{"start":{"line":55,"column":28},"end":{"line":55,"column":null}},"13":{"start":{"line":57,"column":6},"end":{"line":73,"column":null}},"14":{"start":{"line":58,"column":8},"end":{"line":58,"column":null}},"15":{"start":{"line":58,"column":18},"end":{"line":58,"column":null}},"16":{"start":{"line":59,"column":8},"end":{"line":72,"column":null}},"17":{"start":{"line":75,"column":6},"end":{"line":75,"column":null}},"18":{"start":{"line":78,"column":6},"end":{"line":80,"column":null}},"19":{"start":{"line":79,"column":8},"end":{"line":79,"column":null}},"20":{"start":{"line":81,"column":6},"end":{"line":81,"column":null}},"21":{"start":{"line":84,"column":6},"end":{"line":86,"column":null}},"22":{"start":{"line":87,"column":6},"end":{"line":87,"column":null}},"23":{"start":{"line":92,"column":29},"end":{"line":131,"column":null}},"24":{"start":{"line":93,"column":8},"end":{"line":93,"column":null}},"25":{"start":{"line":95,"column":2},"end":{"line":130,"column":null}},"26":{"start":{"line":102,"column":10},"end":{"line":102,"column":null}},"27":{"start":{"line":104,"column":6},"end":{"line":104,"column":null}},"28":{"start":{"line":106,"column":27},"end":{"line":106,"column":null}},"29":{"start":{"line":108,"column":6},"end":{"line":111,"column":null}},"30":{"start":{"line":108,"column":89},"end":{"line":111,"column":16}},"31":{"start":{"line":113,"column":6},"end":{"line":113,"column":null}},"32":{"start":{"line":116,"column":6},"end":{"line":118,"column":null}},"33":{"start":{"line":117,"column":8},"end":{"line":117,"column":null}},"34":{"start":{"line":119,"column":6},"end":{"line":119,"column":null}},"35":{"start":{"line":122,"column":6},"end":{"line":124,"column":null}},"36":{"start":{"line":125,"column":6},"end":{"line":127,"column":null}},"37":{"start":{"line":128,"column":6},"end":{"line":128,"column":null}},"38":{"start":{"line":133,"column":29},"end":{"line":178,"column":null}},"39":{"start":{"line":134,"column":8},"end":{"line":134,"column":null}},"40":{"start":{"line":136,"column":2},"end":{"line":177,"column":null}},"41":{"start":{"line":144,"column":6},"end":{"line":144,"column":null}},"42":{"start":{"line":145,"column":6},"end":{"line":145,"column":null}},"43":{"start":{"line":148,"column":6},"end":{"line":150,"column":null}},"44":{"start":{"line":152,"column":28},"end":{"line":152,"column":null}},"45":{"start":{"line":154,"column":6},"end":{"line":161,"column":null}},"46":{"start":{"line":155,"column":8},"end":{"line":155,"column":null}},"47":{"start":{"line":155,"column":18},"end":{"line":155,"column":null}},"48":{"start":{"line":156,"column":8},"end":{"line":160,"column":null}},"49":{"start":{"line":158,"column":47},"end":{"line":158,"column":62}},"50":{"start":{"line":163,"column":6},"end":{"line":163,"column":null}},"51":{"start":{"line":166,"column":6},"end":{"line":168,"column":null}},"52":{"start":{"line":167,"column":8},"end":{"line":167,"column":null}},"53":{"start":{"line":169,"column":6},"end":{"line":169,"column":null}},"54":{"start":{"line":172,"column":6},"end":{"line":174,"column":null}},"55":{"start":{"line":175,"column":6},"end":{"line":175,"column":null}}},"fnMap":{"0":{"name":"(anonymous_0)","decl":{"start":{"line":14,"column":24},"end":{"line":14,"column":null}},"loc":{"start":{"line":23,"column":5},"end":{"line":29,"column":null}},"line":23},"1":{"name":"(anonymous_1)","decl":{"start":{"line":26,"column":13},"end":{"line":26,"column":19}},"loc":{"start":{"line":26,"column":19},"end":{"line":26,"column":null}},"line":26},"2":{"name":"(anonymous_2)","decl":{"start":{"line":31,"column":23},"end":{"line":31,"column":24}},"loc":{"start":{"line":31,"column":43},"end":{"line":37,"column":null}},"line":31},"3":{"name":"(anonymous_3)","decl":{"start":{"line":34,"column":13},"end":{"line":34,"column":19}},"loc":{"start":{"line":34,"column":19},"end":{"line":34,"column":null}},"line":34},"4":{"name":"(anonymous_4)","decl":{"start":{"line":39,"column":29},"end":{"line":39,"column":35}},"loc":{"start":{"line":39,"column":35},"end":{"line":90,"column":null}},"line":39},"5":{"name":"(anonymous_5)","decl":{"start":{"line":43,"column":16},"end":{"line":43,"column":17}},"loc":{"start":{"line":49,"column":10},"end":{"line":49,"column":null}},"line":49},"6":{"name":"(anonymous_6)","decl":{"start":{"line":50,"column":14},"end":{"line":50,"column":21}},"loc":{"start":{"line":50,"column":45},"end":{"line":76,"column":null}},"line":50},"7":{"name":"(anonymous_7)","decl":{"start":{"line":57,"column":64},"end":{"line":57,"column":65}},"loc":{"start":{"line":57,"column":100},"end":{"line":73,"column":7}},"line":57},"8":{"name":"(anonymous_8)","decl":{"start":{"line":77,"column":13},"end":{"line":77,"column":14}},"loc":{"start":{"line":77,"column":46},"end":{"line":82,"column":null}},"line":77},"9":{"name":"(anonymous_9)","decl":{"start":{"line":83,"column":15},"end":{"line":83,"column":16}},"loc":{"start":{"line":83,"column":37},"end":{"line":88,"column":null}},"line":83},"10":{"name":"(anonymous_10)","decl":{"start":{"line":92,"column":29},"end":{"line":92,"column":35}},"loc":{"start":{"line":92,"column":35},"end":{"line":131,"column":null}},"line":92},"11":{"name":"(anonymous_11)","decl":{"start":{"line":96,"column":16},"end":{"line":96,"column":17}},"loc":{"start":{"line":102,"column":10},"end":{"line":102,"column":null}},"line":102},"12":{"name":"(anonymous_12)","decl":{"start":{"line":103,"column":14},"end":{"line":103,"column":21}},"loc":{"start":{"line":103,"column":42},"end":{"line":114,"column":null}},"line":103},"13":{"name":"(anonymous_13)","decl":{"start":{"line":108,"column":61},"end":{"line":108,"column":62}},"loc":{"start":{"line":108,"column":89},"end":{"line":111,"column":16}},"line":108},"14":{"name":"(anonymous_14)","decl":{"start":{"line":115,"column":13},"end":{"line":115,"column":14}},"loc":{"start":{"line":115,"column":46},"end":{"line":120,"column":null}},"line":115},"15":{"name":"(anonymous_15)","decl":{"start":{"line":121,"column":15},"end":{"line":121,"column":16}},"loc":{"start":{"line":121,"column":38},"end":{"line":129,"column":null}},"line":121},"16":{"name":"(anonymous_16)","decl":{"start":{"line":133,"column":29},"end":{"line":133,"column":35}},"loc":{"start":{"line":133,"column":35},"end":{"line":178,"column":null}},"line":133},"17":{"name":"(anonymous_17)","decl":{"start":{"line":137,"column":16},"end":{"line":137,"column":17}},"loc":{"start":{"line":143,"column":10},"end":{"line":146,"column":null}},"line":143},"18":{"name":"(anonymous_18)","decl":{"start":{"line":147,"column":14},"end":{"line":147,"column":21}},"loc":{"start":{"line":147,"column":47},"end":{"line":164,"column":null}},"line":147},"19":{"name":"(anonymous_19)","decl":{"start":{"line":154,"column":64},"end":{"line":154,"column":65}},"loc":{"start":{"line":154,"column":100},"end":{"line":161,"column":7}},"line":154},"20":{"name":"(anonymous_20)","decl":{"start":{"line":158,"column":34},"end":{"line":158,"column":35}},"loc":{"start":{"line":158,"column":47},"end":{"line":158,"column":62}},"line":158},"21":{"name":"(anonymous_21)","decl":{"start":{"line":165,"column":13},"end":{"line":165,"column":14}},"loc":{"start":{"line":165,"column":46},"end":{"line":170,"column":null}},"line":165},"22":{"name":"(anonymous_22)","decl":{"start":{"line":171,"column":15},"end":{"line":171,"column":16}},"loc":{"start":{"line":171,"column":37},"end":{"line":176,"column":null}},"line":171}},"branchMap":{"0":{"loc":{"start":{"line":58,"column":8},"end":{"line":58,"column":null}},"type":"if","locations":[{"start":{"line":58,"column":8},"end":{"line":58,"column":null}},{"start":{},"end":{}}],"line":58},"1":{"loc":{"start":{"line":78,"column":6},"end":{"line":80,"column":null}},"type":"if","locations":[{"start":{"line":78,"column":6},"end":{"line":80,"column":null}},{"start":{},"end":{}}],"line":78},"2":{"loc":{"start":{"line":116,"column":6},"end":{"line":118,"column":null}},"type":"if","locations":[{"start":{"line":116,"column":6},"end":{"line":118,"column":null}},{"start":{},"end":{}}],"line":116},"3":{"loc":{"start":{"line":155,"column":8},"end":{"line":155,"column":null}},"type":"if","locations":[{"start":{"line":155,"column":8},"end":{"line":155,"column":null}},{"start":{},"end":{}}],"line":155},"4":{"loc":{"start":{"line":166,"column":6},"end":{"line":168,"column":null}},"type":"if","locations":[{"start":{"line":166,"column":6},"end":{"line":168,"column":null}},{"start":{},"end":{}}],"line":166}},"s":{"0":1,"1":1,"2":3,"3":2,"4":1,"5":4,"6":2,"7":1,"8":4,"9":4,"10":2,"11":2,"12":2,"13":2,"14":2,"15":2,"16":0,"17":2,"18":1,"19":0,"20":1,"21":1,"22":1,"23":1,"24":2,"25":2,"26":1,"27":1,"28":1,"29":1,"30":1,"31":1,"32":0,"33":0,"34":0,"35":1,"36":1,"37":1,"38":1,"39":4,"40":4,"41":2,"42":2,"43":2,"44":2,"45":2,"46":2,"47":2,"48":0,"49":0,"50":2,"51":1,"52":0,"53":1,"54":1,"55":1},"f":{"0":3,"1":2,"2":4,"3":2,"4":4,"5":2,"6":2,"7":2,"8":1,"9":1,"10":2,"11":1,"12":1,"13":1,"14":0,"15":1,"16":4,"17":2,"18":2,"19":2,"20":0,"21":1,"22":1},"b":{"0":[2,0],"1":[0,1],"2":[0,0],"3":[2,0],"4":[0,1]},"meta":{"lastBranch":5,"lastFunction":23,"lastStatement":56,"seen":{"s:12:24:12:Infinity":0,"s:14:24:29:Infinity":1,"f:14:24:14:Infinity":0,"s:24:2:28:Infinity":2,"f:26:13:26:19":1,"s:26:19:26:Infinity":3,"s:31:23:37:Infinity":4,"f:31:23:31:24":2,"s:32:2:36:Infinity":5,"f:34:13:34:19":3,"s:34:19:34:Infinity":6,"s:39:29:90:Infinity":7,"f:39:29:39:35":4,"s:40:8:40:Infinity":8,"s:42:2:89:Infinity":9,"f:43:16:43:17":5,"s:49:10:49:Infinity":10,"f:50:14:50:21":6,"s:51:6:53:Infinity":11,"s:55:28:55:Infinity":12,"s:57:6:73:Infinity":13,"f:57:64:57:65":7,"b:58:8:58:Infinity:undefined:undefined:undefined:undefined":0,"s:58:8:58:Infinity":14,"s:58:18:58:Infinity":15,"s:59:8:72:Infinity":16,"s:75:6:75:Infinity":17,"f:77:13:77:14":8,"b:78:6:80:Infinity:undefined:undefined:undefined:undefined":1,"s:78:6:80:Infinity":18,"s:79:8:79:Infinity":19,"s:81:6:81:Infinity":20,"f:83:15:83:16":9,"s:84:6:86:Infinity":21,"s:87:6:87:Infinity":22,"s:92:29:131:Infinity":23,"f:92:29:92:35":10,"s:93:8:93:Infinity":24,"s:95:2:130:Infinity":25,"f:96:16:96:17":11,"s:102:10:102:Infinity":26,"f:103:14:103:21":12,"s:104:6:104:Infinity":27,"s:106:27:106:Infinity":28,"s:108:6:111:Infinity":29,"f:108:61:108:62":13,"s:108:89:111:16":30,"s:113:6:113:Infinity":31,"f:115:13:115:14":14,"b:116:6:118:Infinity:undefined:undefined:undefined:undefined":2,"s:116:6:118:Infinity":32,"s:117:8:117:Infinity":33,"s:119:6:119:Infinity":34,"f:121:15:121:16":15,"s:122:6:124:Infinity":35,"s:125:6:127:Infinity":36,"s:128:6:128:Infinity":37,"s:133:29:178:Infinity":38,"f:133:29:133:35":16,"s:134:8:134:Infinity":39,"s:136:2:177:Infinity":40,"f:137:16:137:17":17,"s:144:6:144:Infinity":41,"s:145:6:145:Infinity":42,"f:147:14:147:21":18,"s:148:6:150:Infinity":43,"s:152:28:152:Infinity":44,"s:154:6:161:Infinity":45,"f:154:64:154:65":19,"b:155:8:155:Infinity:undefined:undefined:undefined:undefined":3,"s:155:8:155:Infinity":46,"s:155:18:155:Infinity":47,"s:156:8:160:Infinity":48,"f:158:34:158:35":20,"s:158:47:158:62":49,"s:163:6:163:Infinity":50,"f:165:13:165:14":21,"b:166:6:168:Infinity:undefined:undefined:undefined:undefined":4,"s:166:6:168:Infinity":51,"s:167:8:167:Infinity":52,"s:169:6:169:Infinity":53,"f:171:15:171:16":22,"s:172:6:174:Infinity":54,"s:175:6:175:Infinity":55},"fnNames":{}}}
,"D:\\portf\\frontend\\src\\shared\\api\\client.ts": {"path":"D:\\portf\\frontend\\src\\shared\\api\\client.ts","statementMap":{"0":{"start":{"line":8,"column":33},"end":{"line":14,"column":null}},"1":{"start":{"line":16,"column":45},"end":{"line":16,"column":null}},"2":{"start":{"line":19,"column":0},"end":{"line":32,"column":null}},"3":{"start":{"line":21,"column":24},"end":{"line":21,"column":null}},"4":{"start":{"line":23,"column":4},"end":{"line":25,"column":null}},"5":{"start":{"line":24,"column":6},"end":{"line":24,"column":null}},"6":{"start":{"line":27,"column":4},"end":{"line":27,"column":null}},"7":{"start":{"line":30,"column":4},"end":{"line":30,"column":null}},"8":{"start":{"line":35,"column":0},"end":{"line":102,"column":null}},"9":{"start":{"line":36,"column":16},"end":{"line":36,"column":null}},"10":{"start":{"line":38,"column":28},"end":{"line":38,"column":null}},"11":{"start":{"line":43,"column":4},"end":{"line":98,"column":null}},"12":{"start":{"line":44,"column":6},"end":{"line":44,"column":null}},"13":{"start":{"line":46,"column":6},"end":{"line":97,"column":null}},"14":{"start":{"line":48,"column":8},"end":{"line":76,"column":null}},"15":{"start":{"line":49,"column":10},"end":{"line":75,"column":null}},"16":{"start":{"line":50,"column":33},"end":{"line":50,"column":null}},"17":{"start":{"line":52,"column":12},"end":{"line":54,"column":null}},"18":{"start":{"line":53,"column":14},"end":{"line":53,"column":null}},"19":{"start":{"line":57,"column":29},"end":{"line":64,"column":null}},"20":{"start":{"line":66,"column":52},"end":{"line":66,"column":null}},"21":{"start":{"line":69,"column":12},"end":{"line":69,"column":null}},"22":{"start":{"line":70,"column":12},"end":{"line":70,"column":null}},"23":{"start":{"line":72,"column":12},"end":{"line":72,"column":null}},"24":{"start":{"line":74,"column":12},"end":{"line":74,"column":null}},"25":{"start":{"line":78,"column":28},"end":{"line":78,"column":null}},"26":{"start":{"line":81,"column":8},"end":{"line":83,"column":null}},"27":{"start":{"line":82,"column":10},"end":{"line":82,"column":null}},"28":{"start":{"line":85,"column":8},"end":{"line":85,"column":null}},"29":{"start":{"line":88,"column":8},"end":{"line":88,"column":null}},"30":{"start":{"line":89,"column":8},"end":{"line":89,"column":null}},"31":{"start":{"line":90,"column":8},"end":{"line":90,"column":null}},"32":{"start":{"line":91,"column":8},"end":{"line":91,"column":null}},"33":{"start":{"line":94,"column":8},"end":{"line":94,"column":null}},"34":{"start":{"line":96,"column":8},"end":{"line":96,"column":null}},"35":{"start":{"line":100,"column":4},"end":{"line":100,"column":null}}},"fnMap":{"0":{"name":"(anonymous_0)","decl":{"start":{"line":20,"column":2},"end":{"line":20,"column":3}},"loc":{"start":{"line":20,"column":42},"end":{"line":28,"column":null}},"line":20},"1":{"name":"(anonymous_1)","decl":{"start":{"line":29,"column":2},"end":{"line":29,"column":3}},"loc":{"start":{"line":29,"column":25},"end":{"line":31,"column":null}},"line":29},"2":{"name":"(anonymous_2)","decl":{"start":{"line":36,"column":2},"end":{"line":36,"column":3}},"loc":{"start":{"line":36,"column":16},"end":{"line":36,"column":null}},"line":36},"3":{"name":"(anonymous_3)","decl":{"start":{"line":37,"column":2},"end":{"line":37,"column":9}},"loc":{"start":{"line":37,"column":31},"end":{"line":101,"column":null}},"line":37},"4":{"name":"(anonymous_4)","decl":{"start":{"line":49,"column":28},"end":{"line":49,"column":40}},"loc":{"start":{"line":49,"column":40},"end":{"line":73,"column":13}},"line":49},"5":{"name":"(anonymous_5)","decl":{"start":{"line":73,"column":23},"end":{"line":73,"column":29}},"loc":{"start":{"line":73,"column":29},"end":{"line":75,"column":11}},"line":73}},"branchMap":{"0":{"loc":{"start":{"line":23,"column":4},"end":{"line":25,"column":null}},"type":"if","locations":[{"start":{"line":23,"column":4},"end":{"line":25,"column":null}},{"start":{},"end":{}}],"line":23},"1":{"loc":{"start":{"line":23,"column":8},"end":{"line":23,"column":39}},"type":"binary-expr","locations":[{"start":{"line":23,"column":8},"end":{"line":23,"column":23}},{"start":{"line":23,"column":23},"end":{"line":23,"column":39}}],"line":23},"2":{"loc":{"start":{"line":43,"column":4},"end":{"line":98,"column":null}},"type":"if","locations":[{"start":{"line":43,"column":4},"end":{"line":98,"column":null}},{"start":{},"end":{}}],"line":43},"3":{"loc":{"start":{"line":43,"column":8},"end":{"line":43,"column":67}},"type":"binary-expr","locations":[{"start":{"line":43,"column":8},"end":{"line":43,"column":42}},{"start":{"line":43,"column":42},"end":{"line":43,"column":67}}],"line":43},"4":{"loc":{"start":{"line":48,"column":8},"end":{"line":76,"column":null}},"type":"if","locations":[{"start":{"line":48,"column":8},"end":{"line":76,"column":null}},{"start":{},"end":{}}],"line":48},"5":{"loc":{"start":{"line":52,"column":12},"end":{"line":54,"column":null}},"type":"if","locations":[{"start":{"line":52,"column":12},"end":{"line":54,"column":null}},{"start":{},"end":{}}],"line":52},"6":{"loc":{"start":{"line":81,"column":8},"end":{"line":83,"column":null}},"type":"if","locations":[{"start":{"line":81,"column":8},"end":{"line":83,"column":null}},{"start":{},"end":{}}],"line":81}},"s":{"0":6,"1":6,"2":6,"3":0,"4":0,"5":0,"6":0,"7":0,"8":6,"9":0,"10":0,"11":0,"12":0,"13":0,"14":0,"15":0,"16":0,"17":0,"18":0,"19":0,"20":0,"21":0,"22":0,"23":0,"24":0,"25":0,"26":0,"27":0,"28":0,"29":0,"30":0,"31":0,"32":0,"33":0,"34":0,"35":0},"f":{"0":0,"1":0,"2":0,"3":0,"4":0,"5":0},"b":{"0":[0,0],"1":[0,0],"2":[0,0],"3":[0,0],"4":[0,0],"5":[0,0],"6":[0,0]},"meta":{"lastBranch":7,"lastFunction":6,"lastStatement":36,"seen":{"s:8:33:14:Infinity":0,"s:16:45:16:Infinity":1,"s:19:0:32:Infinity":2,"f:20:2:20:3":0,"s:21:24:21:Infinity":3,"b:23:4:25:Infinity:undefined:undefined:undefined:undefined":0,"s:23:4:25:Infinity":4,"b:23:8:23:23:23:23:23:39":1,"s:24:6:24:Infinity":5,"s:27:4:27:Infinity":6,"f:29:2:29:3":1,"s:30:4:30:Infinity":7,"s:35:0:102:Infinity":8,"f:36:2:36:3":2,"s:36:16:36:Infinity":9,"f:37:2:37:9":3,"s:38:28:38:Infinity":10,"b:43:4:98:Infinity:undefined:undefined:undefined:undefined":2,"s:43:4:98:Infinity":11,"b:43:8:43:42:43:42:43:67":3,"s:44:6:44:Infinity":12,"s:46:6:97:Infinity":13,"b:48:8:76:Infinity:undefined:undefined:undefined:undefined":4,"s:48:8:76:Infinity":14,"s:49:10:75:Infinity":15,"f:49:28:49:40":4,"s:50:33:50:Infinity":16,"b:52:12:54:Infinity:undefined:undefined:undefined:undefined":5,"s:52:12:54:Infinity":17,"s:53:14:53:Infinity":18,"s:57:29:64:Infinity":19,"s:66:52:66:Infinity":20,"s:69:12:69:Infinity":21,"s:70:12:70:Infinity":22,"s:72:12:72:Infinity":23,"f:73:23:73:29":5,"s:74:12:74:Infinity":24,"s:78:28:78:Infinity":25,"b:81:8:83:Infinity:undefined:undefined:undefined:undefined":6,"s:81:8:83:Infinity":26,"s:82:10:82:Infinity":27,"s:85:8:85:Infinity":28,"s:88:8:88:Infinity":29,"s:89:8:89:Infinity":30,"s:90:8:90:Infinity":31,"s:91:8:91:Infinity":32,"s:94:8:94:Infinity":33,"s:96:8:96:Infinity":34,"s:100:4:100:Infinity":35},"fnNames":{}}}
,"D:\\portf\\frontend\\src\\shared\\config\\index.ts": {"path":"D:\\portf\\frontend\\src\\shared\\config\\index.ts","statementMap":{"0":{"start":{"line":1,"column":22},"end":{"line":3,"column":null}}},"fnMap":{},"branchMap":{"0":{"loc":{"start":{"line":2,"column":14},"end":{"line":2,"column":null}},"type":"binary-expr","locations":[{"start":{"line":2,"column":14},"end":{"line":2,"column":51}},{"start":{"line":2,"column":51},"end":{"line":2,"column":null}}],"line":2}},"s":{"0":6},"f":{},"b":{"0":[6,0]},"meta":{"lastBranch":1,"lastFunction":0,"lastStatement":1,"seen":{"s:1:22:3:Infinity":0,"b:2:14:2:51:2:51:2:Infinity":0},"fnNames":{}}}
,"D:\\portf\\frontend\\src\\shared\\constants\\messages.ts": {"path":"D:\\portf\\frontend\\src\\shared\\constants\\messages.ts","statementMap":{"0":{"start":{"line":1,"column":35},"end":{"line":14,"column":null}},"1":{"start":{"line":4,"column":30},"end":{"line":4,"column":null}},"2":{"start":{"line":5,"column":30},"end":{"line":5,"column":null}},"3":{"start":{"line":16,"column":32},"end":{"line":37,"column":null}},"4":{"start":{"line":39,"column":30},"end":{"line":69,"column":null}}},"fnMap":{"0":{"name":"(anonymous_0)","decl":{"start":{"line":4,"column":13},"end":{"line":4,"column":14}},"loc":{"start":{"line":4,"column":30},"end":{"line":4,"column":null}},"line":4},"1":{"name":"(anonymous_1)","decl":{"start":{"line":5,"column":13},"end":{"line":5,"column":14}},"loc":{"start":{"line":5,"column":30},"end":{"line":5,"column":null}},"line":5}},"branchMap":{},"s":{"0":5,"1":0,"2":0,"3":5,"4":5},"f":{"0":0,"1":0},"b":{},"meta":{"lastBranch":0,"lastFunction":2,"lastStatement":5,"seen":{"s:1:35:14:Infinity":0,"f:4:13:4:14":0,"s:4:30:4:Infinity":1,"f:5:13:5:14":1,"s:5:30:5:Infinity":2,"s:16:32:37:Infinity":3,"s:39:30:69:Infinity":4},"fnNames":{}}}
}
